<?xml version="1.0" encoding="utf-8"?><Tests><edtdocversion branch="retail" build="50727" revision="42" /><TestRun type="Microsoft.VisualStudio.TestTools.Common.TestRun"><id type="System.Guid">30945c70-034c-4540-ba83-fb2ff9167d36</id><name type="System.String">Ted@WXPFM2 2007-04-23 19:13:04</name><runUser type="System.String">WXPFM2\Ted</runUser><runConfig type="Microsoft.VisualStudio.TestTools.Common.TestRunConfiguration"><id type="Microsoft.VisualStudio.TestTools.Common.TestRunConfigurationId"><id type="System.Guid">b316d944-5b9a-4ca3-8459-ffbc115977c6</id></id><name type="System.String">Local Test Run</name><description type="System.String">This is a default test run configuration for a local test run.</description><isCodeCoverageEnabled type="System.Boolean">False</isCodeCoverageEnabled><codeCoverageItems type="System.Collections.Generic.List`1[[Microsoft.VisualStudio.TestTools.Common.CodeCoverageItem, Microsoft.VisualStudio.QualityTools.Common, Version=8.0.0.0, Culture=neutral, PublicKeyToken=b03f5f7f11d50a3a]]"><_size type="System.Int32">0</_size><_version type="System.Int32">0</_version></codeCoverageItems><codeCoverageKeyFile type="System.String" /><aspNetProjectCoverageItems type="System.Collections.Generic.List`1[[Microsoft.VisualStudio.TestTools.Common.AspNetProjectItem, Microsoft.VisualStudio.QualityTools.Common, Version=8.0.0.0, Culture=neutral, PublicKeyToken=b03f5f7f11d50a3a]]"><_size type="System.Int32">0</_size><_version type="System.Int32">0</_version></aspNetProjectCoverageItems><isExecutedRemotely type="System.Boolean">False</isExecutedRemotely><bucketSize type="System.Int32">200</bucketSize><bucketThreshold type="System.Int32">1000</bucketThreshold><runTimeout type="System.Int32">0</runTimeout><testTimeout type="System.Int32">300000</testTimeout><agentNotRespondingTimeout type="System.Int32">300000</agentNotRespondingTimeout><deploymentTimeout type="System.Int32">300000</deploymentTimeout><controllerName type="System.String" /><plugins type="System.Collections.Generic.List`1[[System.String, mscorlib, Version=2.0.0.0, Culture=neutral, PublicKeyToken=b77a5c561934e089]]"><_items type="System.String[]"><element type="System.String">Microsoft.VisualStudio.TestTools.HostAdapters.AspNetPlugin, Microsoft.VisualStudio.QualityTools.HostAdapters.ASPNETAgent, Version=8.0.0.0, PublicKeyToken=b03f5f7f11d50a3a</element><element /><element /><element /></_items><_size type="System.Int32">1</_size><_version type="System.Int32">1</_version></plugins><testTypeSpecificData type="System.Collections.Generic.Dictionary`2[[Microsoft.VisualStudio.TestTools.Common.TestType, Microsoft.VisualStudio.QualityTools.Common, Version=8.0.0.0, Culture=neutral, PublicKeyToken=b03f5f7f11d50a3a],[Microsoft.VisualStudio.TestTools.Common.ITestTypeSpecificRunConfigurationData, Microsoft.VisualStudio.QualityTools.Common, Version=8.0.0.0, Culture=neutral, PublicKeyToken=b03f5f7f11d50a3a]]"><count type="System.Int32">0</count><version type="System.Int32">0</version><freeList type="System.Int32">0</freeList><freeCount type="System.Int32">0</freeCount><comparer type="System.Collections.Generic.ObjectEqualityComparer`1[[Microsoft.VisualStudio.TestTools.Common.TestType, Microsoft.VisualStudio.QualityTools.Common, Version=8.0.0.0, Culture=neutral, PublicKeyToken=b03f5f7f11d50a3a]]" /></testTypeSpecificData><userDeploymentRoot type="System.String" /><useDefaultDeploymentRoot type="System.Boolean">True</useDefaultDeploymentRoot><runDeploymentRoot type="System.String">C:\Documents and Settings\Ted\My Documents\Visual Studio 2005\Projects\ROM\TestResults\Ted_WXPFM2 2007-04-23 19_13_04</runDeploymentRoot><deploymentItems type="Microsoft.VisualStudio.TestTools.Common.DeploymentItemCollection"><m_container type="System.Collections.Hashtable"><key type="Microsoft.VisualStudio.TestTools.Common.DeploymentItem"><path type="System.String">C:\Documents and Settings\Ted\My Documents\Visual Studio 2005\Projects\ROM\ROM\bin\Debug\ROM.exe</path><outputDirectory type="System.String" /></key><value /><key type="Microsoft.VisualStudio.TestTools.Common.DeploymentItem"><path type="System.String">C:\Documents and Settings\Ted\My Documents\Visual Studio 2005\Projects\ROM\ROMtests\bin\Debug\ROMtests.dll</path><outputDirectory type="System.String" /></key><value /><key type="Microsoft.VisualStudio.TestTools.Common.DeploymentItem"><path type="System.String">C:\Documents and Settings\Ted\My Documents\Visual Studio 2005\Projects\ROM\ROM\lib\Newtonsoft.Json.dll</path><outputDirectory type="System.String" /></key><value /></m_container></deploymentItems><testRunNamingScheme type="Microsoft.VisualStudio.TestTools.Common.TestRunNamingScheme"><appendTimeStamp type="System.Boolean">True</appendTimeStamp><useDefault type="System.Boolean">True</useDefault></testRunNamingScheme><setupCommand type="System.String" /><cleanupCommand type="System.String" /><abortRunOnError type="System.Boolean">False</abortRunOnError><mapIPAddresses type="System.Boolean">False</mapIPAddresses><agentProperties type="System.Collections.Specialized.StringDictionary, System, Version=2.0.0.0, Culture=neutral, PublicKeyToken=b77a5c561934e089" /><hostData type="Microsoft.VisualStudio.TestTools.Common.HostRunConfigurationData"><mapHostSpecificData type="System.Collections.Generic.Dictionary`2[[System.String, mscorlib, Version=2.0.0.0, Culture=neutral, PublicKeyToken=b77a5c561934e089],[Microsoft.VisualStudio.TestTools.Common.IHostSpecificRunConfigurationData, Microsoft.VisualStudio.QualityTools.Common, Version=8.0.0.0, Culture=neutral, PublicKeyToken=b03f5f7f11d50a3a]]"><count type="System.Int32">0</count><version type="System.Int32">0</version><freeList type="System.Int32">0</freeList><freeCount type="System.Int32">0</freeCount><comparer type="System.Collections.Generic.GenericEqualityComparer`1[[System.String, mscorlib, Version=2.0.0.0, Culture=neutral, PublicKeyToken=b77a5c561934e089]]" /></mapHostSpecificData></hostData><ignoredDependentAssemblies type="System.String" /><apartmentState type="System.Threading.ApartmentState"><value__ type="System.Int32">0</value__></apartmentState></runConfig><result type="Microsoft.VisualStudio.TestTools.Common.RunResultAndStatistics"><runInfoList type="System.Collections.Generic.List`1[[Microsoft.VisualStudio.TestTools.Common.RunInfo, Microsoft.VisualStudio.QualityTools.Common, Version=8.0.0.0, Culture=neutral, PublicKeyToken=b03f5f7f11d50a3a]]"><_size type="System.Int32">0</_size><_version type="System.Int32">0</_version></runInfoList><totalTestCount type="System.Int32">8</totalTestCount><executedTestCount type="System.Int32">8</executedTestCount><passedTestCount type="System.Int32">8</passedTestCount><stdout type="System.String" /><stderr type="System.String" /><debugTrace type="System.String" /><outcome type="Microsoft.VisualStudio.TestTools.Common.TestOutcome"><value__ type="System.Int32">11</value__></outcome><counters type="System.Int32">0,0,0,0,0,0,0,0,0,0,8,0,0,0</counters><isPartialRun type="System.Boolean">False</isPartialRun></result><creationTime type="System.DateTime"><dateData type="System.UInt64">5244815686269887904</dateData></creationTime><queueingTime type="System.DateTime"><dateData type="System.UInt64">5244815686282231654</dateData></queueingTime><startTime type="System.DateTime"><dateData type="System.UInt64">5244815686287856654</dateData></startTime><finishTime type="System.DateTime"><dateData type="System.UInt64">5244815686329262904</dateData></finishTime><tests type="System.Collections.Hashtable"><key type="Microsoft.VisualStudio.TestTools.Common.TestId"><id type="System.Guid">a439827e-42c0-89f4-e4c4-fb076aeec0d7</id></key><value type="Microsoft.VisualStudio.TestTools.TestTypes.Unit.UnitTestElement, Microsoft.VisualStudio.QualityTools.Tips.UnitTest.ObjectModel, Version=8.0.0.0, Culture=neutral, PublicKeyToken=b03f5f7f11d50a3a"><codeBase type="System.String">C:\Documents and Settings\Ted\My Documents\Visual Studio 2005\Projects\ROM\ROMtests\bin\Debug\ROMtests.dll</codeBase><adapterTypeName type="System.String">Microsoft.VisualStudio.TestTools.TestTypes.Unit.UnitTestAdapter, Microsoft.VisualStudio.QualityTools.Tips.UnitTest.Adapter, Version=8.0.0.0, Culture=neutral, PublicKeyToken=b03f5f7f11d50a3a</adapterTypeName><testMethod type="Microsoft.VisualStudio.TestTools.TestTypes.Unit.TestMethod, Microsoft.VisualStudio.QualityTools.Tips.UnitTest.ObjectModel, Version=8.0.0.0, Culture=neutral, PublicKeyToken=b03f5f7f11d50a3a"><className type="System.String">ROMtests.PlayerTest, ROMtests</className><name type="System.String">loadSaveTest</name><expectedExceptionMessage type="System.String" /><isValid type="System.Boolean">False</isValid></testMethod><aspNetDevServers type="System.Collections.Generic.List`1[[Microsoft.VisualStudio.TestTools.Common.AspNetDevelopmentServer, Microsoft.VisualStudio.QualityTools.Common, Version=8.0.0.0, Culture=neutral, PublicKeyToken=b03f5f7f11d50a3a]]"><_size type="System.Int32">0</_size><_version type="System.Int32">0</_version></aspNetDevServers><dataAccessMethod type="Microsoft.VisualStudio.TestTools.UnitTesting.DataAccessMethod, Microsoft.VisualStudio.QualityTools.UnitTestFramework, Version=8.0.0.0, Culture=neutral, PublicKeyToken=b03f5f7f11d50a3a"><value__ type="System.Int32">0</value__></dataAccessMethod><cssProjectStructure type="System.String" /><isRunOnRestart type="System.Boolean">False</isRunOnRestart><timeOut type="System.Int32">0</timeOut><isGroupable type="System.Boolean">True</isGroupable><abortRunOnAgentFailure type="System.Boolean">False</abortRunOnAgentFailure><cssIteration type="System.String" /><workItemIds type="System.Collections.Generic.List`1[[System.Int32, mscorlib, Version=2.0.0.0, Culture=neutral, PublicKeyToken=b77a5c561934e089]]"><_size type="System.Int32">0</_size><_version type="System.Int32">1</_version></workItemIds><id type="Microsoft.VisualStudio.TestTools.Common.TestId"><id type="System.Guid">a439827e-42c0-89f4-e4c4-fb076aeec0d7</id></id><name type="System.String">loadSaveTest</name><description type="System.String" /><enabled type="System.Boolean">True</enabled><owner type="System.String" /><priority type="System.Int32">0</priority><executionId type="Microsoft.VisualStudio.TestTools.Common.TestExecId"><id type="System.Guid">00000000-0000-0000-0000-000000000000</id></executionId><parentExecutId type="Microsoft.VisualStudio.TestTools.Common.TestExecId"><id type="System.Guid">00000000-0000-0000-0000-000000000000</id></parentExecutId><deploymentItems type="Microsoft.VisualStudio.TestTools.Common.DeploymentItemCollection" /><agentAttributes type="System.Collections.Specialized.StringDictionary, System, Version=2.0.0.0, Culture=neutral, PublicKeyToken=b77a5c561934e089" /><storage type="System.String">c:\documents and settings\ted\my documents\visual studio 2005\projects\rom\romtests\bin\debug\romtests.dll</storage><projectData type="Microsoft.VisualStudio.TestTools.Common.ProjectData"><id type="System.Guid">a0f084b2-c5f9-48db-b750-a5a657bddc45</id><projectName type="System.String">ROMtests</projectName><solutionName type="System.String">ROM</solutionName><projectRelativePath type="System.String">ROMtests\ROMtests.csproj</projectRelativePath></projectData><m_nonRunnableReason type="System.String" /></value><key type="Microsoft.VisualStudio.TestTools.Common.TestId"><id type="System.Guid">280475c9-f067-c52e-83f7-96bddc11f6ea</id></key><value type="Microsoft.VisualStudio.TestTools.TestTypes.Unit.UnitTestElement, Microsoft.VisualStudio.QualityTools.Tips.UnitTest.ObjectModel, Version=8.0.0.0, Culture=neutral, PublicKeyToken=b03f5f7f11d50a3a"><codeBase type="System.String">C:\Documents and Settings\Ted\My Documents\Visual Studio 2005\Projects\ROM\ROMtests\bin\Debug\ROMtests.dll</codeBase><adapterTypeName type="System.String">Microsoft.VisualStudio.TestTools.TestTypes.Unit.UnitTestAdapter, Microsoft.VisualStudio.QualityTools.Tips.UnitTest.Adapter, Version=8.0.0.0, Culture=neutral, PublicKeyToken=b03f5f7f11d50a3a</adapterTypeName><testMethod type="Microsoft.VisualStudio.TestTools.TestTypes.Unit.TestMethod, Microsoft.VisualStudio.QualityTools.Tips.UnitTest.ObjectModel, Version=8.0.0.0, Culture=neutral, PublicKeyToken=b03f5f7f11d50a3a"><className type="System.String">ROMtests.URIQueryTest, ROMtests</className><name type="System.String">ConstructorAllTest</name><expectedExceptionMessage type="System.String" /><isValid type="System.Boolean">False</isValid></testMethod><aspNetDevServers type="System.Collections.Generic.List`1[[Microsoft.VisualStudio.TestTools.Common.AspNetDevelopmentServer, Microsoft.VisualStudio.QualityTools.Common, Version=8.0.0.0, Culture=neutral, PublicKeyToken=b03f5f7f11d50a3a]]"><_size type="System.Int32">0</_size><_version type="System.Int32">0</_version></aspNetDevServers><dataAccessMethod type="Microsoft.VisualStudio.TestTools.UnitTesting.DataAccessMethod, Microsoft.VisualStudio.QualityTools.UnitTestFramework, Version=8.0.0.0, Culture=neutral, PublicKeyToken=b03f5f7f11d50a3a"><value__ type="System.Int32">0</value__></dataAccessMethod><cssProjectStructure type="System.String" /><isRunOnRestart type="System.Boolean">False</isRunOnRestart><timeOut type="System.Int32">0</timeOut><isGroupable type="System.Boolean">True</isGroupable><abortRunOnAgentFailure type="System.Boolean">False</abortRunOnAgentFailure><cssIteration type="System.String" /><workItemIds type="System.Collections.Generic.List`1[[System.Int32, mscorlib, Version=2.0.0.0, Culture=neutral, PublicKeyToken=b77a5c561934e089]]"><_size type="System.Int32">0</_size><_version type="System.Int32">1</_version></workItemIds><id type="Microsoft.VisualStudio.TestTools.Common.TestId"><id type="System.Guid">280475c9-f067-c52e-83f7-96bddc11f6ea</id></id><name type="System.String">ConstructorAllTest</name><description type="System.String" /><enabled type="System.Boolean">True</enabled><owner type="System.String" /><priority type="System.Int32">0</priority><executionId type="Microsoft.VisualStudio.TestTools.Common.TestExecId"><id type="System.Guid">00000000-0000-0000-0000-000000000000</id></executionId><parentExecutId type="Microsoft.VisualStudio.TestTools.Common.TestExecId"><id type="System.Guid">00000000-0000-0000-0000-000000000000</id></parentExecutId><deploymentItems type="Microsoft.VisualStudio.TestTools.Common.DeploymentItemCollection" /><agentAttributes type="System.Collections.Specialized.StringDictionary, System, Version=2.0.0.0, Culture=neutral, PublicKeyToken=b77a5c561934e089" /><storage type="System.String">c:\documents and settings\ted\my documents\visual studio 2005\projects\rom\romtests\bin\debug\romtests.dll</storage><projectData type="Microsoft.VisualStudio.TestTools.Common.ProjectData"><id type="System.Guid">a0f084b2-c5f9-48db-b750-a5a657bddc45</id><projectName type="System.String">ROMtests</projectName><solutionName type="System.String">ROM</solutionName><projectRelativePath type="System.String">ROMtests\ROMtests.csproj</projectRelativePath></projectData><m_nonRunnableReason type="System.String" /></value><key type="Microsoft.VisualStudio.TestTools.Common.TestId"><id type="System.Guid">1317d65f-3e33-3006-9553-2a09298b8d6f</id></key><value type="Microsoft.VisualStudio.TestTools.TestTypes.Unit.UnitTestElement, Microsoft.VisualStudio.QualityTools.Tips.UnitTest.ObjectModel, Version=8.0.0.0, Culture=neutral, PublicKeyToken=b03f5f7f11d50a3a"><codeBase type="System.String">C:\Documents and Settings\Ted\My Documents\Visual Studio 2005\Projects\ROM\ROMtests\bin\Debug\ROMtests.dll</codeBase><adapterTypeName type="System.String">Microsoft.VisualStudio.TestTools.TestTypes.Unit.UnitTestAdapter, Microsoft.VisualStudio.QualityTools.Tips.UnitTest.Adapter, Version=8.0.0.0, Culture=neutral, PublicKeyToken=b03f5f7f11d50a3a</adapterTypeName><testMethod type="Microsoft.VisualStudio.TestTools.TestTypes.Unit.TestMethod, Microsoft.VisualStudio.QualityTools.Tips.UnitTest.ObjectModel, Version=8.0.0.0, Culture=neutral, PublicKeyToken=b03f5f7f11d50a3a"><className type="System.String">ROMtests.PlayerTest, ROMtests</className><name type="System.String">comparePasswordTest</name><expectedExceptionMessage type="System.String" /><isValid type="System.Boolean">False</isValid></testMethod><aspNetDevServers type="System.Collections.Generic.List`1[[Microsoft.VisualStudio.TestTools.Common.AspNetDevelopmentServer, Microsoft.VisualStudio.QualityTools.Common, Version=8.0.0.0, Culture=neutral, PublicKeyToken=b03f5f7f11d50a3a]]"><_size type="System.Int32">0</_size><_version type="System.Int32">0</_version></aspNetDevServers><dataAccessMethod type="Microsoft.VisualStudio.TestTools.UnitTesting.DataAccessMethod, Microsoft.VisualStudio.QualityTools.UnitTestFramework, Version=8.0.0.0, Culture=neutral, PublicKeyToken=b03f5f7f11d50a3a"><value__ type="System.Int32">0</value__></dataAccessMethod><cssProjectStructure type="System.String" /><isRunOnRestart type="System.Boolean">False</isRunOnRestart><timeOut type="System.Int32">0</timeOut><isGroupable type="System.Boolean">True</isGroupable><abortRunOnAgentFailure type="System.Boolean">False</abortRunOnAgentFailure><cssIteration type="System.String" /><workItemIds type="System.Collections.Generic.List`1[[System.Int32, mscorlib, Version=2.0.0.0, Culture=neutral, PublicKeyToken=b77a5c561934e089]]"><_size type="System.Int32">0</_size><_version type="System.Int32">1</_version></workItemIds><id type="Microsoft.VisualStudio.TestTools.Common.TestId"><id type="System.Guid">1317d65f-3e33-3006-9553-2a09298b8d6f</id></id><name type="System.String">comparePasswordTest</name><description type="System.String" /><enabled type="System.Boolean">True</enabled><owner type="System.String" /><priority type="System.Int32">0</priority><executionId type="Microsoft.VisualStudio.TestTools.Common.TestExecId"><id type="System.Guid">00000000-0000-0000-0000-000000000000</id></executionId><parentExecutId type="Microsoft.VisualStudio.TestTools.Common.TestExecId"><id type="System.Guid">00000000-0000-0000-0000-000000000000</id></parentExecutId><deploymentItems type="Microsoft.VisualStudio.TestTools.Common.DeploymentItemCollection" /><agentAttributes type="System.Collections.Specialized.StringDictionary, System, Version=2.0.0.0, Culture=neutral, PublicKeyToken=b77a5c561934e089" /><storage type="System.String">c:\documents and settings\ted\my documents\visual studio 2005\projects\rom\romtests\bin\debug\romtests.dll</storage><projectData type="Microsoft.VisualStudio.TestTools.Common.ProjectData"><id type="System.Guid">a0f084b2-c5f9-48db-b750-a5a657bddc45</id><projectName type="System.String">ROMtests</projectName><solutionName type="System.String">ROM</solutionName><projectRelativePath type="System.String">ROMtests\ROMtests.csproj</projectRelativePath></projectData><m_nonRunnableReason type="System.String" /></value><key type="Microsoft.VisualStudio.TestTools.Common.TestId"><id type="System.Guid">ec343397-5600-7457-9194-f1a225907b49</id></key><value type="Microsoft.VisualStudio.TestTools.TestTypes.Unit.UnitTestElement, Microsoft.VisualStudio.QualityTools.Tips.UnitTest.ObjectModel, Version=8.0.0.0, Culture=neutral, PublicKeyToken=b03f5f7f11d50a3a"><codeBase type="System.String">C:\Documents and Settings\Ted\My Documents\Visual Studio 2005\Projects\ROM\ROMtests\bin\Debug\ROMtests.dll</codeBase><adapterTypeName type="System.String">Microsoft.VisualStudio.TestTools.TestTypes.Unit.UnitTestAdapter, Microsoft.VisualStudio.QualityTools.Tips.UnitTest.Adapter, Version=8.0.0.0, Culture=neutral, PublicKeyToken=b03f5f7f11d50a3a</adapterTypeName><testMethod type="Microsoft.VisualStudio.TestTools.TestTypes.Unit.TestMethod, Microsoft.VisualStudio.QualityTools.Tips.UnitTest.ObjectModel, Version=8.0.0.0, Culture=neutral, PublicKeyToken=b03f5f7f11d50a3a"><className type="System.String">ROMtests.PlayerTest, ROMtests</className><name type="System.String">passwordTest</name><expectedExceptionMessage type="System.String" /><isValid type="System.Boolean">False</isValid></testMethod><aspNetDevServers type="System.Collections.Generic.List`1[[Microsoft.VisualStudio.TestTools.Common.AspNetDevelopmentServer, Microsoft.VisualStudio.QualityTools.Common, Version=8.0.0.0, Culture=neutral, PublicKeyToken=b03f5f7f11d50a3a]]"><_size type="System.Int32">0</_size><_version type="System.Int32">0</_version></aspNetDevServers><dataAccessMethod type="Microsoft.VisualStudio.TestTools.UnitTesting.DataAccessMethod, Microsoft.VisualStudio.QualityTools.UnitTestFramework, Version=8.0.0.0, Culture=neutral, PublicKeyToken=b03f5f7f11d50a3a"><value__ type="System.Int32">0</value__></dataAccessMethod><cssProjectStructure type="System.String" /><isRunOnRestart type="System.Boolean">False</isRunOnRestart><timeOut type="System.Int32">0</timeOut><isGroupable type="System.Boolean">True</isGroupable><abortRunOnAgentFailure type="System.Boolean">False</abortRunOnAgentFailure><cssIteration type="System.String" /><workItemIds type="System.Collections.Generic.List`1[[System.Int32, mscorlib, Version=2.0.0.0, Culture=neutral, PublicKeyToken=b77a5c561934e089]]"><_size type="System.Int32">0</_size><_version type="System.Int32">1</_version></workItemIds><id type="Microsoft.VisualStudio.TestTools.Common.TestId"><id type="System.Guid">ec343397-5600-7457-9194-f1a225907b49</id></id><name type="System.String">passwordTest</name><description type="System.String" /><enabled type="System.Boolean">True</enabled><owner type="System.String" /><priority type="System.Int32">0</priority><executionId type="Microsoft.VisualStudio.TestTools.Common.TestExecId"><id type="System.Guid">00000000-0000-0000-0000-000000000000</id></executionId><parentExecutId type="Microsoft.VisualStudio.TestTools.Common.TestExecId"><id type="System.Guid">00000000-0000-0000-0000-000000000000</id></parentExecutId><deploymentItems type="Microsoft.VisualStudio.TestTools.Common.DeploymentItemCollection" /><agentAttributes type="System.Collections.Specialized.StringDictionary, System, Version=2.0.0.0, Culture=neutral, PublicKeyToken=b77a5c561934e089" /><storage type="System.String">c:\documents and settings\ted\my documents\visual studio 2005\projects\rom\romtests\bin\debug\romtests.dll</storage><projectData type="Microsoft.VisualStudio.TestTools.Common.ProjectData"><id type="System.Guid">a0f084b2-c5f9-48db-b750-a5a657bddc45</id><projectName type="System.String">ROMtests</projectName><solutionName type="System.String">ROM</solutionName><projectRelativePath type="System.String">ROMtests\ROMtests.csproj</projectRelativePath></projectData><m_nonRunnableReason type="System.String" /></value><key type="Microsoft.VisualStudio.TestTools.Common.TestId"><id type="System.Guid">221b5d2a-97b8-625f-b641-6ad023a8f090</id></key><value type="Microsoft.VisualStudio.TestTools.TestTypes.Unit.UnitTestElement, Microsoft.VisualStudio.QualityTools.Tips.UnitTest.ObjectModel, Version=8.0.0.0, Culture=neutral, PublicKeyToken=b03f5f7f11d50a3a"><codeBase type="System.String">C:\Documents and Settings\Ted\My Documents\Visual Studio 2005\Projects\ROM\ROMtests\bin\Debug\ROMtests.dll</codeBase><adapterTypeName type="System.String">Microsoft.VisualStudio.TestTools.TestTypes.Unit.UnitTestAdapter, Microsoft.VisualStudio.QualityTools.Tips.UnitTest.Adapter, Version=8.0.0.0, Culture=neutral, PublicKeyToken=b03f5f7f11d50a3a</adapterTypeName><testMethod type="Microsoft.VisualStudio.TestTools.TestTypes.Unit.TestMethod, Microsoft.VisualStudio.QualityTools.Tips.UnitTest.ObjectModel, Version=8.0.0.0, Culture=neutral, PublicKeyToken=b03f5f7f11d50a3a"><className type="System.String">ROMtests.URIQueryTest, ROMtests</className><name type="System.String">EqualsTest</name><expectedExceptionMessage type="System.String" /><isValid type="System.Boolean">False</isValid></testMethod><aspNetDevServers type="System.Collections.Generic.List`1[[Microsoft.VisualStudio.TestTools.Common.AspNetDevelopmentServer, Microsoft.VisualStudio.QualityTools.Common, Version=8.0.0.0, Culture=neutral, PublicKeyToken=b03f5f7f11d50a3a]]"><_size type="System.Int32">0</_size><_version type="System.Int32">0</_version></aspNetDevServers><dataAccessMethod type="Microsoft.VisualStudio.TestTools.UnitTesting.DataAccessMethod, Microsoft.VisualStudio.QualityTools.UnitTestFramework, Version=8.0.0.0, Culture=neutral, PublicKeyToken=b03f5f7f11d50a3a"><value__ type="System.Int32">0</value__></dataAccessMethod><cssProjectStructure type="System.String" /><isRunOnRestart type="System.Boolean">False</isRunOnRestart><timeOut type="System.Int32">0</timeOut><isGroupable type="System.Boolean">True</isGroupable><abortRunOnAgentFailure type="System.Boolean">False</abortRunOnAgentFailure><cssIteration type="System.String" /><workItemIds type="System.Collections.Generic.List`1[[System.Int32, mscorlib, Version=2.0.0.0, Culture=neutral, PublicKeyToken=b77a5c561934e089]]"><_size type="System.Int32">0</_size><_version type="System.Int32">1</_version></workItemIds><id type="Microsoft.VisualStudio.TestTools.Common.TestId"><id type="System.Guid">221b5d2a-97b8-625f-b641-6ad023a8f090</id></id><name type="System.String">EqualsTest</name><description type="System.String" /><enabled type="System.Boolean">True</enabled><owner type="System.String" /><priority type="System.Int32">0</priority><executionId type="Microsoft.VisualStudio.TestTools.Common.TestExecId"><id type="System.Guid">00000000-0000-0000-0000-000000000000</id></executionId><parentExecutId type="Microsoft.VisualStudio.TestTools.Common.TestExecId"><id type="System.Guid">00000000-0000-0000-0000-000000000000</id></parentExecutId><deploymentItems type="Microsoft.VisualStudio.TestTools.Common.DeploymentItemCollection" /><agentAttributes type="System.Collections.Specialized.StringDictionary, System, Version=2.0.0.0, Culture=neutral, PublicKeyToken=b77a5c561934e089" /><storage type="System.String">c:\documents and settings\ted\my documents\visual studio 2005\projects\rom\romtests\bin\debug\romtests.dll</storage><projectData type="Microsoft.VisualStudio.TestTools.Common.ProjectData"><id type="System.Guid">a0f084b2-c5f9-48db-b750-a5a657bddc45</id><projectName type="System.String">ROMtests</projectName><solutionName type="System.String">ROM</solutionName><projectRelativePath type="System.String">ROMtests\ROMtests.csproj</projectRelativePath></projectData><m_nonRunnableReason type="System.String" /></value><key type="Microsoft.VisualStudio.TestTools.Common.TestId"><id type="System.Guid">2ba870d9-2a42-14d0-1baf-1fcbf295e662</id></key><value type="Microsoft.VisualStudio.TestTools.TestTypes.Unit.UnitTestElement, Microsoft.VisualStudio.QualityTools.Tips.UnitTest.ObjectModel, Version=8.0.0.0, Culture=neutral, PublicKeyToken=b03f5f7f11d50a3a"><codeBase type="System.String">C:\Documents and Settings\Ted\My Documents\Visual Studio 2005\Projects\ROM\ROMtests\bin\Debug\ROMtests.dll</codeBase><adapterTypeName type="System.String">Microsoft.VisualStudio.TestTools.TestTypes.Unit.UnitTestAdapter, Microsoft.VisualStudio.QualityTools.Tips.UnitTest.Adapter, Version=8.0.0.0, Culture=neutral, PublicKeyToken=b03f5f7f11d50a3a</adapterTypeName><testMethod type="Microsoft.VisualStudio.TestTools.TestTypes.Unit.TestMethod, Microsoft.VisualStudio.QualityTools.Tips.UnitTest.ObjectModel, Version=8.0.0.0, Culture=neutral, PublicKeyToken=b03f5f7f11d50a3a"><className type="System.String">ROMtests.URIQueryTest, ROMtests</className><name type="System.String">SimpleParseTest</name><expectedExceptionMessage type="System.String" /><isValid type="System.Boolean">False</isValid></testMethod><aspNetDevServers type="System.Collections.Generic.List`1[[Microsoft.VisualStudio.TestTools.Common.AspNetDevelopmentServer, Microsoft.VisualStudio.QualityTools.Common, Version=8.0.0.0, Culture=neutral, PublicKeyToken=b03f5f7f11d50a3a]]"><_size type="System.Int32">0</_size><_version type="System.Int32">0</_version></aspNetDevServers><dataAccessMethod type="Microsoft.VisualStudio.TestTools.UnitTesting.DataAccessMethod, Microsoft.VisualStudio.QualityTools.UnitTestFramework, Version=8.0.0.0, Culture=neutral, PublicKeyToken=b03f5f7f11d50a3a"><value__ type="System.Int32">0</value__></dataAccessMethod><cssProjectStructure type="System.String" /><isRunOnRestart type="System.Boolean">False</isRunOnRestart><timeOut type="System.Int32">0</timeOut><isGroupable type="System.Boolean">True</isGroupable><abortRunOnAgentFailure type="System.Boolean">False</abortRunOnAgentFailure><cssIteration type="System.String" /><workItemIds type="System.Collections.Generic.List`1[[System.Int32, mscorlib, Version=2.0.0.0, Culture=neutral, PublicKeyToken=b77a5c561934e089]]"><_size type="System.Int32">0</_size><_version type="System.Int32">1</_version></workItemIds><id type="Microsoft.VisualStudio.TestTools.Common.TestId"><id type="System.Guid">2ba870d9-2a42-14d0-1baf-1fcbf295e662</id></id><name type="System.String">SimpleParseTest</name><description type="System.String" /><enabled type="System.Boolean">True</enabled><owner type="System.String" /><priority type="System.Int32">0</priority><executionId type="Microsoft.VisualStudio.TestTools.Common.TestExecId"><id type="System.Guid">00000000-0000-0000-0000-000000000000</id></executionId><parentExecutId type="Microsoft.VisualStudio.TestTools.Common.TestExecId"><id type="System.Guid">00000000-0000-0000-0000-000000000000</id></parentExecutId><deploymentItems type="Microsoft.VisualStudio.TestTools.Common.DeploymentItemCollection" /><agentAttributes type="System.Collections.Specialized.StringDictionary, System, Version=2.0.0.0, Culture=neutral, PublicKeyToken=b77a5c561934e089" /><storage type="System.String">c:\documents and settings\ted\my documents\visual studio 2005\projects\rom\romtests\bin\debug\romtests.dll</storage><projectData type="Microsoft.VisualStudio.TestTools.Common.ProjectData"><id type="System.Guid">a0f084b2-c5f9-48db-b750-a5a657bddc45</id><projectName type="System.String">ROMtests</projectName><solutionName type="System.String">ROM</solutionName><projectRelativePath type="System.String">ROMtests\ROMtests.csproj</projectRelativePath></projectData><m_nonRunnableReason type="System.String" /></value><key type="Microsoft.VisualStudio.TestTools.Common.TestId"><id type="System.Guid">505b1b40-1c17-14f1-2d52-87519524688c</id></key><value type="Microsoft.VisualStudio.TestTools.TestTypes.Unit.UnitTestElement, Microsoft.VisualStudio.QualityTools.Tips.UnitTest.ObjectModel, Version=8.0.0.0, Culture=neutral, PublicKeyToken=b03f5f7f11d50a3a"><codeBase type="System.String">C:\Documents and Settings\Ted\My Documents\Visual Studio 2005\Projects\ROM\ROMtests\bin\Debug\ROMtests.dll</codeBase><adapterTypeName type="System.String">Microsoft.VisualStudio.TestTools.TestTypes.Unit.UnitTestAdapter, Microsoft.VisualStudio.QualityTools.Tips.UnitTest.Adapter, Version=8.0.0.0, Culture=neutral, PublicKeyToken=b03f5f7f11d50a3a</adapterTypeName><testMethod type="Microsoft.VisualStudio.TestTools.TestTypes.Unit.TestMethod, Microsoft.VisualStudio.QualityTools.Tips.UnitTest.ObjectModel, Version=8.0.0.0, Culture=neutral, PublicKeyToken=b03f5f7f11d50a3a"><className type="System.String">ROMtests.URIQueryTest, ROMtests</className><name type="System.String">ConstructorURITest</name><expectedExceptionMessage type="System.String" /><isValid type="System.Boolean">False</isValid></testMethod><aspNetDevServers type="System.Collections.Generic.List`1[[Microsoft.VisualStudio.TestTools.Common.AspNetDevelopmentServer, Microsoft.VisualStudio.QualityTools.Common, Version=8.0.0.0, Culture=neutral, PublicKeyToken=b03f5f7f11d50a3a]]"><_size type="System.Int32">0</_size><_version type="System.Int32">0</_version></aspNetDevServers><dataAccessMethod type="Microsoft.VisualStudio.TestTools.UnitTesting.DataAccessMethod, Microsoft.VisualStudio.QualityTools.UnitTestFramework, Version=8.0.0.0, Culture=neutral, PublicKeyToken=b03f5f7f11d50a3a"><value__ type="System.Int32">0</value__></dataAccessMethod><cssProjectStructure type="System.String" /><isRunOnRestart type="System.Boolean">False</isRunOnRestart><timeOut type="System.Int32">0</timeOut><isGroupable type="System.Boolean">True</isGroupable><abortRunOnAgentFailure type="System.Boolean">False</abortRunOnAgentFailure><cssIteration type="System.String" /><workItemIds type="System.Collections.Generic.List`1[[System.Int32, mscorlib, Version=2.0.0.0, Culture=neutral, PublicKeyToken=b77a5c561934e089]]"><_size type="System.Int32">0</_size><_version type="System.Int32">1</_version></workItemIds><id type="Microsoft.VisualStudio.TestTools.Common.TestId"><id type="System.Guid">505b1b40-1c17-14f1-2d52-87519524688c</id></id><name type="System.String">ConstructorURITest</name><description type="System.String" /><enabled type="System.Boolean">True</enabled><owner type="System.String" /><priority type="System.Int32">0</priority><executionId type="Microsoft.VisualStudio.TestTools.Common.TestExecId"><id type="System.Guid">00000000-0000-0000-0000-000000000000</id></executionId><parentExecutId type="Microsoft.VisualStudio.TestTools.Common.TestExecId"><id type="System.Guid">00000000-0000-0000-0000-000000000000</id></parentExecutId><deploymentItems type="Microsoft.VisualStudio.TestTools.Common.DeploymentItemCollection" /><agentAttributes type="System.Collections.Specialized.StringDictionary, System, Version=2.0.0.0, Culture=neutral, PublicKeyToken=b77a5c561934e089" /><storage type="System.String">c:\documents and settings\ted\my documents\visual studio 2005\projects\rom\romtests\bin\debug\romtests.dll</storage><projectData type="Microsoft.VisualStudio.TestTools.Common.ProjectData"><id type="System.Guid">a0f084b2-c5f9-48db-b750-a5a657bddc45</id><projectName type="System.String">ROMtests</projectName><solutionName type="System.String">ROM</solutionName><projectRelativePath type="System.String">ROMtests\ROMtests.csproj</projectRelativePath></projectData><m_nonRunnableReason type="System.String" /></value><key type="Microsoft.VisualStudio.TestTools.Common.TestId"><id type="System.Guid">aa190db4-f1ea-217f-c464-bb388afb5d9d</id></key><value type="Microsoft.VisualStudio.TestTools.TestTypes.Unit.UnitTestElement, Microsoft.VisualStudio.QualityTools.Tips.UnitTest.ObjectModel, Version=8.0.0.0, Culture=neutral, PublicKeyToken=b03f5f7f11d50a3a"><codeBase type="System.String">C:\Documents and Settings\Ted\My Documents\Visual Studio 2005\Projects\ROM\ROMtests\bin\Debug\ROMtests.dll</codeBase><adapterTypeName type="System.String">Microsoft.VisualStudio.TestTools.TestTypes.Unit.UnitTestAdapter, Microsoft.VisualStudio.QualityTools.Tips.UnitTest.Adapter, Version=8.0.0.0, Culture=neutral, PublicKeyToken=b03f5f7f11d50a3a</adapterTypeName><testMethod type="Microsoft.VisualStudio.TestTools.TestTypes.Unit.TestMethod, Microsoft.VisualStudio.QualityTools.Tips.UnitTest.ObjectModel, Version=8.0.0.0, Culture=neutral, PublicKeyToken=b03f5f7f11d50a3a"><className type="System.String">ROMtests.URIQueryTest, ROMtests</className><name type="System.String">ConstructorTypeURITest</name><expectedExceptionMessage type="System.String" /><isValid type="System.Boolean">False</isValid></testMethod><aspNetDevServers type="System.Collections.Generic.List`1[[Microsoft.VisualStudio.TestTools.Common.AspNetDevelopmentServer, Microsoft.VisualStudio.QualityTools.Common, Version=8.0.0.0, Culture=neutral, PublicKeyToken=b03f5f7f11d50a3a]]"><_size type="System.Int32">0</_size><_version type="System.Int32">0</_version></aspNetDevServers><dataAccessMethod type="Microsoft.VisualStudio.TestTools.UnitTesting.DataAccessMethod, Microsoft.VisualStudio.QualityTools.UnitTestFramework, Version=8.0.0.0, Culture=neutral, PublicKeyToken=b03f5f7f11d50a3a"><value__ type="System.Int32">0</value__></dataAccessMethod><cssProjectStructure type="System.String" /><isRunOnRestart type="System.Boolean">False</isRunOnRestart><timeOut type="System.Int32">0</timeOut><isGroupable type="System.Boolean">True</isGroupable><abortRunOnAgentFailure type="System.Boolean">False</abortRunOnAgentFailure><cssIteration type="System.String" /><workItemIds type="System.Collections.Generic.List`1[[System.Int32, mscorlib, Version=2.0.0.0, Culture=neutral, PublicKeyToken=b77a5c561934e089]]"><_size type="System.Int32">0</_size><_version type="System.Int32">1</_version></workItemIds><id type="Microsoft.VisualStudio.TestTools.Common.TestId"><id type="System.Guid">aa190db4-f1ea-217f-c464-bb388afb5d9d</id></id><name type="System.String">ConstructorTypeURITest</name><description type="System.String" /><enabled type="System.Boolean">True</enabled><owner type="System.String" /><priority type="System.Int32">0</priority><executionId type="Microsoft.VisualStudio.TestTools.Common.TestExecId"><id type="System.Guid">00000000-0000-0000-0000-000000000000</id></executionId><parentExecutId type="Microsoft.VisualStudio.TestTools.Common.TestExecId"><id type="System.Guid">00000000-0000-0000-0000-000000000000</id></parentExecutId><deploymentItems type="Microsoft.VisualStudio.TestTools.Common.DeploymentItemCollection" /><agentAttributes type="System.Collections.Specialized.StringDictionary, System, Version=2.0.0.0, Culture=neutral, PublicKeyToken=b77a5c561934e089" /><storage type="System.String">c:\documents and settings\ted\my documents\visual studio 2005\projects\rom\romtests\bin\debug\romtests.dll</storage><projectData type="Microsoft.VisualStudio.TestTools.Common.ProjectData"><id type="System.Guid">a0f084b2-c5f9-48db-b750-a5a657bddc45</id><projectName type="System.String">ROMtests</projectName><solutionName type="System.String">ROM</solutionName><projectRelativePath type="System.String">ROMtests\ROMtests.csproj</projectRelativePath></projectData><m_nonRunnableReason type="System.String" /></value></tests><categories type="System.Collections.Hashtable"><key type="Microsoft.VisualStudio.TestTools.Common.TestCategoryId"><id type="System.Guid">8c84fa94-04c1-424b-9868-57a2d4851a1d</id></key><value type="Microsoft.VisualStudio.TestTools.Common.TestCategory"><id type="Microsoft.VisualStudio.TestTools.Common.TestCategoryId"><id type="System.Guid">8c84fa94-04c1-424b-9868-57a2d4851a1d</id></id><name type="System.String">Results Not in a List</name><description type="System.String" /><enabled type="System.Boolean">True</enabled><parentCategoryId type="Microsoft.VisualStudio.TestTools.Common.TestCategoryId"><id type="System.Guid">00000000-0000-0000-0000-000000000000</id></parentCategoryId></value><key type="Microsoft.VisualStudio.TestTools.Common.TestCategoryId"><id type="System.Guid">19431567-8539-422a-85d7-44ee4e166bda</id></key><value type="Microsoft.VisualStudio.TestTools.Common.TestCategory"><id type="Microsoft.VisualStudio.TestTools.Common.TestCategoryId"><id type="System.Guid">19431567-8539-422a-85d7-44ee4e166bda</id></id><name type="System.String">All Loaded Results</name><description type="System.String" /><enabled type="System.Boolean">True</enabled><parentCategoryId type="Microsoft.VisualStudio.TestTools.Common.TestCategoryId"><id type="System.Guid">00000000-0000-0000-0000-000000000000</id></parentCategoryId></value></categories><entries type="Microsoft.VisualStudio.TestTools.Common.TestEntry[]"><element type="Microsoft.VisualStudio.TestTools.Common.TestEntry"><m_testId type="Microsoft.VisualStudio.TestTools.Common.TestId"><id type="System.Guid">1317d65f-3e33-3006-9553-2a09298b8d6f</id></m_testId><m_execId type="Microsoft.VisualStudio.TestTools.Common.TestExecId"><id type="System.Guid">d3ec1b1c-1bf4-42a2-912b-1b1092e321c9</id></m_execId><m_parentExecId type="Microsoft.VisualStudio.TestTools.Common.TestExecId"><id type="System.Guid">00000000-0000-0000-0000-000000000000</id></m_parentExecId><m_categoryId type="Microsoft.VisualStudio.TestTools.Common.TestCategoryId"><id type="System.Guid">8c84fa94-04c1-424b-9868-57a2d4851a1d</id></m_categoryId><m_isTransparent type="System.Boolean">True</m_isTransparent></element><element type="Microsoft.VisualStudio.TestTools.Common.TestEntry"><m_testId type="Microsoft.VisualStudio.TestTools.Common.TestId"><id type="System.Guid">ec343397-5600-7457-9194-f1a225907b49</id></m_testId><m_execId type="Microsoft.VisualStudio.TestTools.Common.TestExecId"><id type="System.Guid">c823eac6-07f0-4fc0-bd6e-99b84fcfa486</id></m_execId><m_parentExecId type="Microsoft.VisualStudio.TestTools.Common.TestExecId"><id type="System.Guid">00000000-0000-0000-0000-000000000000</id></m_parentExecId><m_categoryId type="Microsoft.VisualStudio.TestTools.Common.TestCategoryId"><id type="System.Guid">8c84fa94-04c1-424b-9868-57a2d4851a1d</id></m_categoryId><m_isTransparent type="System.Boolean">True</m_isTransparent></element><element type="Microsoft.VisualStudio.TestTools.Common.TestEntry"><m_testId type="Microsoft.VisualStudio.TestTools.Common.TestId"><id type="System.Guid">a439827e-42c0-89f4-e4c4-fb076aeec0d7</id></m_testId><m_execId type="Microsoft.VisualStudio.TestTools.Common.TestExecId"><id type="System.Guid">2a07c512-105e-464a-a11d-6e93457d7e9e</id></m_execId><m_parentExecId type="Microsoft.VisualStudio.TestTools.Common.TestExecId"><id type="System.Guid">00000000-0000-0000-0000-000000000000</id></m_parentExecId><m_categoryId type="Microsoft.VisualStudio.TestTools.Common.TestCategoryId"><id type="System.Guid">8c84fa94-04c1-424b-9868-57a2d4851a1d</id></m_categoryId><m_isTransparent type="System.Boolean">True</m_isTransparent></element><element type="Microsoft.VisualStudio.TestTools.Common.TestEntry"><m_testId type="Microsoft.VisualStudio.TestTools.Common.TestId"><id type="System.Guid">505b1b40-1c17-14f1-2d52-87519524688c</id></m_testId><m_execId type="Microsoft.VisualStudio.TestTools.Common.TestExecId"><id type="System.Guid">93d34dd0-0eb5-478f-9b70-8f10c3026a57</id></m_execId><m_parentExecId type="Microsoft.VisualStudio.TestTools.Common.TestExecId"><id type="System.Guid">00000000-0000-0000-0000-000000000000</id></m_parentExecId><m_categoryId type="Microsoft.VisualStudio.TestTools.Common.TestCategoryId"><id type="System.Guid">8c84fa94-04c1-424b-9868-57a2d4851a1d</id></m_categoryId><m_isTransparent type="System.Boolean">True</m_isTransparent></element><element type="Microsoft.VisualStudio.TestTools.Common.TestEntry"><m_testId type="Microsoft.VisualStudio.TestTools.Common.TestId"><id type="System.Guid">aa190db4-f1ea-217f-c464-bb388afb5d9d</id></m_testId><m_execId type="Microsoft.VisualStudio.TestTools.Common.TestExecId"><id type="System.Guid">1d73d9b1-db17-4e58-869a-e9915c84a81a</id></m_execId><m_parentExecId type="Microsoft.VisualStudio.TestTools.Common.TestExecId"><id type="System.Guid">00000000-0000-0000-0000-000000000000</id></m_parentExecId><m_categoryId type="Microsoft.VisualStudio.TestTools.Common.TestCategoryId"><id type="System.Guid">8c84fa94-04c1-424b-9868-57a2d4851a1d</id></m_categoryId><m_isTransparent type="System.Boolean">True</m_isTransparent></element><element type="Microsoft.VisualStudio.TestTools.Common.TestEntry"><m_testId type="Microsoft.VisualStudio.TestTools.Common.TestId"><id type="System.Guid">280475c9-f067-c52e-83f7-96bddc11f6ea</id></m_testId><m_execId type="Microsoft.VisualStudio.TestTools.Common.TestExecId"><id type="System.Guid">04579b6e-32fe-487a-9421-50fbfb23a918</id></m_execId><m_parentExecId type="Microsoft.VisualStudio.TestTools.Common.TestExecId"><id type="System.Guid">00000000-0000-0000-0000-000000000000</id></m_parentExecId><m_categoryId type="Microsoft.VisualStudio.TestTools.Common.TestCategoryId"><id type="System.Guid">8c84fa94-04c1-424b-9868-57a2d4851a1d</id></m_categoryId><m_isTransparent type="System.Boolean">True</m_isTransparent></element><element type="Microsoft.VisualStudio.TestTools.Common.TestEntry"><m_testId type="Microsoft.VisualStudio.TestTools.Common.TestId"><id type="System.Guid">2ba870d9-2a42-14d0-1baf-1fcbf295e662</id></m_testId><m_execId type="Microsoft.VisualStudio.TestTools.Common.TestExecId"><id type="System.Guid">8f84613d-61ac-4fec-b5db-3ad88cd5cfcb</id></m_execId><m_parentExecId type="Microsoft.VisualStudio.TestTools.Common.TestExecId"><id type="System.Guid">00000000-0000-0000-0000-000000000000</id></m_parentExecId><m_categoryId type="Microsoft.VisualStudio.TestTools.Common.TestCategoryId"><id type="System.Guid">8c84fa94-04c1-424b-9868-57a2d4851a1d</id></m_categoryId><m_isTransparent type="System.Boolean">True</m_isTransparent></element><element type="Microsoft.VisualStudio.TestTools.Common.TestEntry"><m_testId type="Microsoft.VisualStudio.TestTools.Common.TestId"><id type="System.Guid">221b5d2a-97b8-625f-b641-6ad023a8f090</id></m_testId><m_execId type="Microsoft.VisualStudio.TestTools.Common.TestExecId"><id type="System.Guid">34e80119-3d0b-474c-9301-621dd84f9277</id></m_execId><m_parentExecId type="Microsoft.VisualStudio.TestTools.Common.TestExecId"><id type="System.Guid">00000000-0000-0000-0000-000000000000</id></m_parentExecId><m_categoryId type="Microsoft.VisualStudio.TestTools.Common.TestCategoryId"><id type="System.Guid">8c84fa94-04c1-424b-9868-57a2d4851a1d</id></m_categoryId><m_isTransparent type="System.Boolean">True</m_isTransparent></element></entries></TestRun><UnitTestResult type="Microsoft.VisualStudio.TestTools.TestTypes.Unit.UnitTestResult, Microsoft.VisualStudio.QualityTools.Tips.UnitTest.ObjectModel, Version=8.0.0.0, Culture=neutral, PublicKeyToken=b03f5f7f11d50a3a"><resultType type="Microsoft.VisualStudio.TestTools.TestTypes.Unit.UnitTestResultType, Microsoft.VisualStudio.QualityTools.Tips.UnitTest.ObjectModel, Version=8.0.0.0, Culture=neutral, PublicKeyToken=b03f5f7f11d50a3a"><value__ type="System.Int32">0</value__></resultType><m_hasSufficientAccess type="System.Boolean">True</m_hasSufficientAccess><counters type="Microsoft.VisualStudio.TestTools.Common.TestResultCounter"><values type="System.Int32">0,0,0,0,0,0,0,0,0,0,0,0,0,0</values><total type="System.Int32">1</total></counters><categoryId type="Microsoft.VisualStudio.TestTools.Common.TestCategoryId"><id type="System.Guid">8c84fa94-04c1-424b-9868-57a2d4851a1d</id></categoryId><outcome type="Microsoft.VisualStudio.TestTools.Common.TestOutcome"><value__ type="System.Int32">10</value__></outcome><traceInfo type="Microsoft.VisualStudio.TestTools.Common.TestExecutionTraceInformation"><trace type="System.Text.StringBuilder">Calling class initialization method ROMtests.PlayerTest.MyClassInitialize.
Creating instance of class ROMtests.PlayerTest.
Calling Test method ROMtests.PlayerTest.Microsoft.VisualStudio.TestTools.TestTypes.Unit.TestMethod.
</trace></traceInfo><stdout type="System.String" /><stderr type="System.String" /><debugTrace type="System.String" /><workItemIds type="System.Collections.Generic.List`1[[System.Int32, mscorlib, Version=2.0.0.0, Culture=neutral, PublicKeyToken=b77a5c561934e089]]"><_size type="System.Int32">0</_size><_version type="System.Int32">1</_version></workItemIds><id type="Microsoft.VisualStudio.TestTools.Common.TestResultId"><runId type="System.Guid">30945c70-034c-4540-ba83-fb2ff9167d36</runId><executionId type="Microsoft.VisualStudio.TestTools.Common.TestExecId"><id type="System.Guid">d3ec1b1c-1bf4-42a2-912b-1b1092e321c9</id></executionId><parentExecId type="Microsoft.VisualStudio.TestTools.Common.TestExecId"><id type="System.Guid">00000000-0000-0000-0000-000000000000</id></parentExecId><testId type="Microsoft.VisualStudio.TestTools.Common.TestId"><id type="System.Guid">1317d65f-3e33-3006-9553-2a09298b8d6f</id></testId></id><testName type="System.String">comparePasswordTest</testName><testType type="Microsoft.VisualStudio.TestTools.Common.TestType"><id type="System.Guid">13cdc9d9-ddb5-4fa4-a97d-d965ccfc6d4b</id></testType><messageKind type="Microsoft.VisualStudio.TestTools.Common.TestMessageKind"><value__ type="System.Int32">1</value__></messageKind><computerInfo type="Microsoft.VisualStudio.TestTools.Common.ComputerInfo"><m_computerName type="System.String">WXPFM2</m_computerName></computerInfo><duration type="System.TimeSpan">00:00:00.8724209</duration><startTime type="System.DateTime"><dateData type="System.UInt64">633129667863125000</dateData></startTime><endTime type="System.DateTime"><dateData type="System.UInt64">633129667881562500</dateData></endTime><spoolMessage type="System.Boolean">True</spoolMessage></UnitTestResult><UnitTestResult type="Microsoft.VisualStudio.TestTools.TestTypes.Unit.UnitTestResult, Microsoft.VisualStudio.QualityTools.Tips.UnitTest.ObjectModel, Version=8.0.0.0, Culture=neutral, PublicKeyToken=b03f5f7f11d50a3a"><resultType type="Microsoft.VisualStudio.TestTools.TestTypes.Unit.UnitTestResultType, Microsoft.VisualStudio.QualityTools.Tips.UnitTest.ObjectModel, Version=8.0.0.0, Culture=neutral, PublicKeyToken=b03f5f7f11d50a3a"><value__ type="System.Int32">0</value__></resultType><m_hasSufficientAccess type="System.Boolean">True</m_hasSufficientAccess><counters type="Microsoft.VisualStudio.TestTools.Common.TestResultCounter"><values type="System.Int32">0,0,0,0,0,0,0,0,0,0,0,0,0,0</values><total type="System.Int32">1</total></counters><categoryId type="Microsoft.VisualStudio.TestTools.Common.TestCategoryId"><id type="System.Guid">8c84fa94-04c1-424b-9868-57a2d4851a1d</id></categoryId><outcome type="Microsoft.VisualStudio.TestTools.Common.TestOutcome"><value__ type="System.Int32">10</value__></outcome><traceInfo type="Microsoft.VisualStudio.TestTools.Common.TestExecutionTraceInformation"><trace type="System.Text.StringBuilder">Creating instance of class ROMtests.PlayerTest.
Calling Test method ROMtests.PlayerTest.Microsoft.VisualStudio.TestTools.TestTypes.Unit.TestMethod.
</trace></traceInfo><stdout type="System.String" /><stderr type="System.String" /><debugTrace type="System.String" /><workItemIds type="System.Collections.Generic.List`1[[System.Int32, mscorlib, Version=2.0.0.0, Culture=neutral, PublicKeyToken=b77a5c561934e089]]"><_size type="System.Int32">0</_size><_version type="System.Int32">1</_version></workItemIds><id type="Microsoft.VisualStudio.TestTools.Common.TestResultId"><runId type="System.Guid">30945c70-034c-4540-ba83-fb2ff9167d36</runId><executionId type="Microsoft.VisualStudio.TestTools.Common.TestExecId"><id type="System.Guid">c823eac6-07f0-4fc0-bd6e-99b84fcfa486</id></executionId><parentExecId type="Microsoft.VisualStudio.TestTools.Common.TestExecId"><id type="System.Guid">00000000-0000-0000-0000-000000000000</id></parentExecId><testId type="Microsoft.VisualStudio.TestTools.Common.TestId"><id type="System.Guid">ec343397-5600-7457-9194-f1a225907b49</id></testId></id><testName type="System.String">passwordTest</testName><testType type="Microsoft.VisualStudio.TestTools.Common.TestType"><id type="System.Guid">13cdc9d9-ddb5-4fa4-a97d-d965ccfc6d4b</id></testType><messageKind type="Microsoft.VisualStudio.TestTools.Common.TestMessageKind"><value__ type="System.Int32">1</value__></messageKind><computerInfo type="Microsoft.VisualStudio.TestTools.Common.ComputerInfo"><m_computerName type="System.String">WXPFM2</m_computerName></computerInfo><duration type="System.TimeSpan">00:00:00.1561799</duration><startTime type="System.DateTime"><dateData type="System.UInt64">633129667882031250</dateData></startTime><endTime type="System.DateTime"><dateData type="System.UInt64">633129667884218750</dateData></endTime><spoolMessage type="System.Boolean">True</spoolMessage></UnitTestResult><UnitTestResult type="Microsoft.VisualStudio.TestTools.TestTypes.Unit.UnitTestResult, Microsoft.VisualStudio.QualityTools.Tips.UnitTest.ObjectModel, Version=8.0.0.0, Culture=neutral, PublicKeyToken=b03f5f7f11d50a3a"><resultType type="Microsoft.VisualStudio.TestTools.TestTypes.Unit.UnitTestResultType, Microsoft.VisualStudio.QualityTools.Tips.UnitTest.ObjectModel, Version=8.0.0.0, Culture=neutral, PublicKeyToken=b03f5f7f11d50a3a"><value__ type="System.Int32">0</value__></resultType><m_hasSufficientAccess type="System.Boolean">True</m_hasSufficientAccess><counters type="Microsoft.VisualStudio.TestTools.Common.TestResultCounter"><values type="System.Int32">0,0,0,0,0,0,0,0,0,0,0,0,0,0</values><total type="System.Int32">1</total></counters><categoryId type="Microsoft.VisualStudio.TestTools.Common.TestCategoryId"><id type="System.Guid">8c84fa94-04c1-424b-9868-57a2d4851a1d</id></categoryId><outcome type="Microsoft.VisualStudio.TestTools.Common.TestOutcome"><value__ type="System.Int32">10</value__></outcome><traceInfo type="Microsoft.VisualStudio.TestTools.Common.TestExecutionTraceInformation"><trace type="System.Text.StringBuilder">Creating instance of class ROMtests.PlayerTest.
Calling Test method ROMtests.PlayerTest.Microsoft.VisualStudio.TestTools.TestTypes.Unit.TestMethod.
</trace></traceInfo><stdout type="System.String" /><stderr type="System.String" /><debugTrace type="System.String" /><workItemIds type="System.Collections.Generic.List`1[[System.Int32, mscorlib, Version=2.0.0.0, Culture=neutral, PublicKeyToken=b77a5c561934e089]]"><_size type="System.Int32">0</_size><_version type="System.Int32">1</_version></workItemIds><id type="Microsoft.VisualStudio.TestTools.Common.TestResultId"><runId type="System.Guid">30945c70-034c-4540-ba83-fb2ff9167d36</runId><executionId type="Microsoft.VisualStudio.TestTools.Common.TestExecId"><id type="System.Guid">2a07c512-105e-464a-a11d-6e93457d7e9e</id></executionId><parentExecId type="Microsoft.VisualStudio.TestTools.Common.TestExecId"><id type="System.Guid">00000000-0000-0000-0000-000000000000</id></parentExecId><testId type="Microsoft.VisualStudio.TestTools.Common.TestId"><id type="System.Guid">a439827e-42c0-89f4-e4c4-fb076aeec0d7</id></testId></id><testName type="System.String">loadSaveTest</testName><testType type="Microsoft.VisualStudio.TestTools.Common.TestType"><id type="System.Guid">13cdc9d9-ddb5-4fa4-a97d-d965ccfc6d4b</id></testType><messageKind type="Microsoft.VisualStudio.TestTools.Common.TestMessageKind"><value__ type="System.Int32">1</value__></messageKind><computerInfo type="Microsoft.VisualStudio.TestTools.Common.ComputerInfo"><m_computerName type="System.String">WXPFM2</m_computerName></computerInfo><duration type="System.TimeSpan">00:00:01.3055949</duration><startTime type="System.DateTime"><dateData type="System.UInt64">633129667884218750</dateData></startTime><endTime type="System.DateTime"><dateData type="System.UInt64">633129667897812500</dateData></endTime><spoolMessage type="System.Boolean">True</spoolMessage></UnitTestResult><UnitTestResult type="Microsoft.VisualStudio.TestTools.TestTypes.Unit.UnitTestResult, Microsoft.VisualStudio.QualityTools.Tips.UnitTest.ObjectModel, Version=8.0.0.0, Culture=neutral, PublicKeyToken=b03f5f7f11d50a3a"><resultType type="Microsoft.VisualStudio.TestTools.TestTypes.Unit.UnitTestResultType, Microsoft.VisualStudio.QualityTools.Tips.UnitTest.ObjectModel, Version=8.0.0.0, Culture=neutral, PublicKeyToken=b03f5f7f11d50a3a"><value__ type="System.Int32">0</value__></resultType><m_hasSufficientAccess type="System.Boolean">True</m_hasSufficientAccess><counters type="Microsoft.VisualStudio.TestTools.Common.TestResultCounter"><values type="System.Int32">0,0,0,0,0,0,0,0,0,0,0,0,0,0</values><total type="System.Int32">1</total></counters><categoryId type="Microsoft.VisualStudio.TestTools.Common.TestCategoryId"><id type="System.Guid">8c84fa94-04c1-424b-9868-57a2d4851a1d</id></categoryId><outcome type="Microsoft.VisualStudio.TestTools.Common.TestOutcome"><value__ type="System.Int32">10</value__></outcome><traceInfo type="Microsoft.VisualStudio.TestTools.Common.TestExecutionTraceInformation"><trace type="System.Text.StringBuilder">Creating instance of class ROMtests.URIQueryTest.
Calling Test method ROMtests.URIQueryTest.Microsoft.VisualStudio.TestTools.TestTypes.Unit.TestMethod.
</trace></traceInfo><stdout type="System.String" /><stderr type="System.String" /><debugTrace type="System.String" /><workItemIds type="System.Collections.Generic.List`1[[System.Int32, mscorlib, Version=2.0.0.0, Culture=neutral, PublicKeyToken=b77a5c561934e089]]"><_size type="System.Int32">0</_size><_version type="System.Int32">1</_version></workItemIds><id type="Microsoft.VisualStudio.TestTools.Common.TestResultId"><runId type="System.Guid">30945c70-034c-4540-ba83-fb2ff9167d36</runId><executionId type="Microsoft.VisualStudio.TestTools.Common.TestExecId"><id type="System.Guid">93d34dd0-0eb5-478f-9b70-8f10c3026a57</id></executionId><parentExecId type="Microsoft.VisualStudio.TestTools.Common.TestExecId"><id type="System.Guid">00000000-0000-0000-0000-000000000000</id></parentExecId><testId type="Microsoft.VisualStudio.TestTools.Common.TestId"><id type="System.Guid">505b1b40-1c17-14f1-2d52-87519524688c</id></testId></id><testName type="System.String">ConstructorURITest</testName><testType type="Microsoft.VisualStudio.TestTools.Common.TestType"><id type="System.Guid">13cdc9d9-ddb5-4fa4-a97d-d965ccfc6d4b</id></testType><messageKind type="Microsoft.VisualStudio.TestTools.Common.TestMessageKind"><value__ type="System.Int32">1</value__></messageKind><computerInfo type="Microsoft.VisualStudio.TestTools.Common.ComputerInfo"><m_computerName type="System.String">WXPFM2</m_computerName></computerInfo><duration type="System.TimeSpan">00:00:00.0027193</duration><startTime type="System.DateTime"><dateData type="System.UInt64">633129667897812500</dateData></startTime><endTime type="System.DateTime"><dateData type="System.UInt64">633129667898437500</dateData></endTime><spoolMessage type="System.Boolean">True</spoolMessage></UnitTestResult><UnitTestResult type="Microsoft.VisualStudio.TestTools.TestTypes.Unit.UnitTestResult, Microsoft.VisualStudio.QualityTools.Tips.UnitTest.ObjectModel, Version=8.0.0.0, Culture=neutral, PublicKeyToken=b03f5f7f11d50a3a"><resultType type="Microsoft.VisualStudio.TestTools.TestTypes.Unit.UnitTestResultType, Microsoft.VisualStudio.QualityTools.Tips.UnitTest.ObjectModel, Version=8.0.0.0, Culture=neutral, PublicKeyToken=b03f5f7f11d50a3a"><value__ type="System.Int32">0</value__></resultType><m_hasSufficientAccess type="System.Boolean">True</m_hasSufficientAccess><counters type="Microsoft.VisualStudio.TestTools.Common.TestResultCounter"><values type="System.Int32">0,0,0,0,0,0,0,0,0,0,0,0,0,0</values><total type="System.Int32">1</total></counters><categoryId type="Microsoft.VisualStudio.TestTools.Common.TestCategoryId"><id type="System.Guid">8c84fa94-04c1-424b-9868-57a2d4851a1d</id></categoryId><outcome type="Microsoft.VisualStudio.TestTools.Common.TestOutcome"><value__ type="System.Int32">10</value__></outcome><traceInfo type="Microsoft.VisualStudio.TestTools.Common.TestExecutionTraceInformation"><trace type="System.Text.StringBuilder">Creating instance of class ROMtests.URIQueryTest.
Calling Test method ROMtests.URIQueryTest.Microsoft.VisualStudio.TestTools.TestTypes.Unit.TestMethod.
</trace></traceInfo><stdout type="System.String" /><stderr type="System.String" /><debugTrace type="System.String" /><workItemIds type="System.Collections.Generic.List`1[[System.Int32, mscorlib, Version=2.0.0.0, Culture=neutral, PublicKeyToken=b77a5c561934e089]]"><_size type="System.Int32">0</_size><_version type="System.Int32">1</_version></workItemIds><id type="Microsoft.VisualStudio.TestTools.Common.TestResultId"><runId type="System.Guid">30945c70-034c-4540-ba83-fb2ff9167d36</runId><executionId type="Microsoft.VisualStudio.TestTools.Common.TestExecId"><id type="System.Guid">1d73d9b1-db17-4e58-869a-e9915c84a81a</id></executionId><parentExecId type="Microsoft.VisualStudio.TestTools.Common.TestExecId"><id type="System.Guid">00000000-0000-0000-0000-000000000000</id></parentExecId><testId type="Microsoft.VisualStudio.TestTools.Common.TestId"><id type="System.Guid">aa190db4-f1ea-217f-c464-bb388afb5d9d</id></testId></id><testName type="System.String">ConstructorTypeURITest</testName><testType type="Microsoft.VisualStudio.TestTools.Common.TestType"><id type="System.Guid">13cdc9d9-ddb5-4fa4-a97d-d965ccfc6d4b</id></testType><messageKind type="Microsoft.VisualStudio.TestTools.Common.TestMessageKind"><value__ type="System.Int32">1</value__></messageKind><computerInfo type="Microsoft.VisualStudio.TestTools.Common.ComputerInfo"><m_computerName type="System.String">WXPFM2</m_computerName></computerInfo><duration type="System.TimeSpan">00:00:00.0012213</duration><startTime type="System.DateTime"><dateData type="System.UInt64">633129667898437500</dateData></startTime><endTime type="System.DateTime"><dateData type="System.UInt64">633129667899062500</dateData></endTime><spoolMessage type="System.Boolean">True</spoolMessage></UnitTestResult><UnitTestResult type="Microsoft.VisualStudio.TestTools.TestTypes.Unit.UnitTestResult, Microsoft.VisualStudio.QualityTools.Tips.UnitTest.ObjectModel, Version=8.0.0.0, Culture=neutral, PublicKeyToken=b03f5f7f11d50a3a"><resultType type="Microsoft.VisualStudio.TestTools.TestTypes.Unit.UnitTestResultType, Microsoft.VisualStudio.QualityTools.Tips.UnitTest.ObjectModel, Version=8.0.0.0, Culture=neutral, PublicKeyToken=b03f5f7f11d50a3a"><value__ type="System.Int32">0</value__></resultType><m_hasSufficientAccess type="System.Boolean">True</m_hasSufficientAccess><counters type="Microsoft.VisualStudio.TestTools.Common.TestResultCounter"><values type="System.Int32">0,0,0,0,0,0,0,0,0,0,0,0,0,0</values><total type="System.Int32">1</total></counters><categoryId type="Microsoft.VisualStudio.TestTools.Common.TestCategoryId"><id type="System.Guid">8c84fa94-04c1-424b-9868-57a2d4851a1d</id></categoryId><outcome type="Microsoft.VisualStudio.TestTools.Common.TestOutcome"><value__ type="System.Int32">10</value__></outcome><traceInfo type="Microsoft.VisualStudio.TestTools.Common.TestExecutionTraceInformation"><trace type="System.Text.StringBuilder">Creating instance of class ROMtests.URIQueryTest.
Calling Test method ROMtests.URIQueryTest.Microsoft.VisualStudio.TestTools.TestTypes.Unit.TestMethod.
</trace></traceInfo><stdout type="System.String" /><stderr type="System.String" /><debugTrace type="System.String" /><workItemIds type="System.Collections.Generic.List`1[[System.Int32, mscorlib, Version=2.0.0.0, Culture=neutral, PublicKeyToken=b77a5c561934e089]]"><_size type="System.Int32">0</_size><_version type="System.Int32">1</_version></workItemIds><id type="Microsoft.VisualStudio.TestTools.Common.TestResultId"><runId type="System.Guid">30945c70-034c-4540-ba83-fb2ff9167d36</runId><executionId type="Microsoft.VisualStudio.TestTools.Common.TestExecId"><id type="System.Guid">04579b6e-32fe-487a-9421-50fbfb23a918</id></executionId><parentExecId type="Microsoft.VisualStudio.TestTools.Common.TestExecId"><id type="System.Guid">00000000-0000-0000-0000-000000000000</id></parentExecId><testId type="Microsoft.VisualStudio.TestTools.Common.TestId"><id type="System.Guid">280475c9-f067-c52e-83f7-96bddc11f6ea</id></testId></id><testName type="System.String">ConstructorAllTest</testName><testType type="Microsoft.VisualStudio.TestTools.Common.TestType"><id type="System.Guid">13cdc9d9-ddb5-4fa4-a97d-d965ccfc6d4b</id></testType><messageKind type="Microsoft.VisualStudio.TestTools.Common.TestMessageKind"><value__ type="System.Int32">1</value__></messageKind><computerInfo type="Microsoft.VisualStudio.TestTools.Common.ComputerInfo"><m_computerName type="System.String">WXPFM2</m_computerName></computerInfo><duration type="System.TimeSpan">00:00:00.0014669</duration><startTime type="System.DateTime"><dateData type="System.UInt64">633129667899218750</dateData></startTime><endTime type="System.DateTime"><dateData type="System.UInt64">633129667899531250</dateData></endTime><spoolMessage type="System.Boolean">True</spoolMessage></UnitTestResult><UnitTestResult type="Microsoft.VisualStudio.TestTools.TestTypes.Unit.UnitTestResult, Microsoft.VisualStudio.QualityTools.Tips.UnitTest.ObjectModel, Version=8.0.0.0, Culture=neutral, PublicKeyToken=b03f5f7f11d50a3a"><resultType type="Microsoft.VisualStudio.TestTools.TestTypes.Unit.UnitTestResultType, Microsoft.VisualStudio.QualityTools.Tips.UnitTest.ObjectModel, Version=8.0.0.0, Culture=neutral, PublicKeyToken=b03f5f7f11d50a3a"><value__ type="System.Int32">0</value__></resultType><m_hasSufficientAccess type="System.Boolean">True</m_hasSufficientAccess><counters type="Microsoft.VisualStudio.TestTools.Common.TestResultCounter"><values type="System.Int32">0,0,0,0,0,0,0,0,0,0,0,0,0,0</values><total type="System.Int32">1</total></counters><categoryId type="Microsoft.VisualStudio.TestTools.Common.TestCategoryId"><id type="System.Guid">8c84fa94-04c1-424b-9868-57a2d4851a1d</id></categoryId><outcome type="Microsoft.VisualStudio.TestTools.Common.TestOutcome"><value__ type="System.Int32">10</value__></outcome><traceInfo type="Microsoft.VisualStudio.TestTools.Common.TestExecutionTraceInformation"><trace type="System.Text.StringBuilder">Creating instance of class ROMtests.URIQueryTest.
Calling Test method ROMtests.URIQueryTest.Microsoft.VisualStudio.TestTools.TestTypes.Unit.TestMethod.
</trace></traceInfo><stdout type="System.String" /><stderr type="System.String" /><debugTrace type="System.String" /><workItemIds type="System.Collections.Generic.List`1[[System.Int32, mscorlib, Version=2.0.0.0, Culture=neutral, PublicKeyToken=b77a5c561934e089]]"><_size type="System.Int32">0</_size><_version type="System.Int32">1</_version></workItemIds><id type="Microsoft.VisualStudio.TestTools.Common.TestResultId"><runId type="System.Guid">30945c70-034c-4540-ba83-fb2ff9167d36</runId><executionId type="Microsoft.VisualStudio.TestTools.Common.TestExecId"><id type="System.Guid">8f84613d-61ac-4fec-b5db-3ad88cd5cfcb</id></executionId><parentExecId type="Microsoft.VisualStudio.TestTools.Common.TestExecId"><id type="System.Guid">00000000-0000-0000-0000-000000000000</id></parentExecId><testId type="Microsoft.VisualStudio.TestTools.Common.TestId"><id type="System.Guid">2ba870d9-2a42-14d0-1baf-1fcbf295e662</id></testId></id><testName type="System.String">SimpleParseTest</testName><testType type="Microsoft.VisualStudio.TestTools.Common.TestType"><id type="System.Guid">13cdc9d9-ddb5-4fa4-a97d-d965ccfc6d4b</id></testType><messageKind type="Microsoft.VisualStudio.TestTools.Common.TestMessageKind"><value__ type="System.Int32">1</value__></messageKind><computerInfo type="Microsoft.VisualStudio.TestTools.Common.ComputerInfo"><m_computerName type="System.String">WXPFM2</m_computerName></computerInfo><duration type="System.TimeSpan">00:00:00.0031059</duration><startTime type="System.DateTime"><dateData type="System.UInt64">633129667899531250</dateData></startTime><endTime type="System.DateTime"><dateData type="System.UInt64">633129667900468750</dateData></endTime><spoolMessage type="System.Boolean">True</spoolMessage></UnitTestResult><UnitTestResult type="Microsoft.VisualStudio.TestTools.TestTypes.Unit.UnitTestResult, Microsoft.VisualStudio.QualityTools.Tips.UnitTest.ObjectModel, Version=8.0.0.0, Culture=neutral, PublicKeyToken=b03f5f7f11d50a3a"><resultType type="Microsoft.VisualStudio.TestTools.TestTypes.Unit.UnitTestResultType, Microsoft.VisualStudio.QualityTools.Tips.UnitTest.ObjectModel, Version=8.0.0.0, Culture=neutral, PublicKeyToken=b03f5f7f11d50a3a"><value__ type="System.Int32">0</value__></resultType><m_hasSufficientAccess type="System.Boolean">True</m_hasSufficientAccess><counters type="Microsoft.VisualStudio.TestTools.Common.TestResultCounter"><values type="System.Int32">0,0,0,0,0,0,0,0,0,0,0,0,0,0</values><total type="System.Int32">1</total></counters><categoryId type="Microsoft.VisualStudio.TestTools.Common.TestCategoryId"><id type="System.Guid">8c84fa94-04c1-424b-9868-57a2d4851a1d</id></categoryId><outcome type="Microsoft.VisualStudio.TestTools.Common.TestOutcome"><value__ type="System.Int32">10</value__></outcome><traceInfo type="Microsoft.VisualStudio.TestTools.Common.TestExecutionTraceInformation"><trace type="System.Text.StringBuilder">Creating instance of class ROMtests.URIQueryTest.
Calling Test method ROMtests.URIQueryTest.Microsoft.VisualStudio.TestTools.TestTypes.Unit.TestMethod.
</trace></traceInfo><stdout type="System.String" /><stderr type="System.String" /><debugTrace type="System.String" /><workItemIds type="System.Collections.Generic.List`1[[System.Int32, mscorlib, Version=2.0.0.0, Culture=neutral, PublicKeyToken=b77a5c561934e089]]"><_size type="System.Int32">0</_size><_version type="System.Int32">1</_version></workItemIds><id type="Microsoft.VisualStudio.TestTools.Common.TestResultId"><runId type="System.Guid">30945c70-034c-4540-ba83-fb2ff9167d36</runId><executionId type="Microsoft.VisualStudio.TestTools.Common.TestExecId"><id type="System.Guid">34e80119-3d0b-474c-9301-621dd84f9277</id></executionId><parentExecId type="Microsoft.VisualStudio.TestTools.Common.TestExecId"><id type="System.Guid">00000000-0000-0000-0000-000000000000</id></parentExecId><testId type="Microsoft.VisualStudio.TestTools.Common.TestId"><id type="System.Guid">221b5d2a-97b8-625f-b641-6ad023a8f090</id></testId></id><testName type="System.String">EqualsTest</testName><testType type="Microsoft.VisualStudio.TestTools.Common.TestType"><id type="System.Guid">13cdc9d9-ddb5-4fa4-a97d-d965ccfc6d4b</id></testType><messageKind type="Microsoft.VisualStudio.TestTools.Common.TestMessageKind"><value__ type="System.Int32">1</value__></messageKind><computerInfo type="Microsoft.VisualStudio.TestTools.Common.ComputerInfo"><m_computerName type="System.String">WXPFM2</m_computerName></computerInfo><duration type="System.TimeSpan">00:00:00.0009450</duration><startTime type="System.DateTime"><dateData type="System.UInt64">633129667900625000</dateData></startTime><endTime type="System.DateTime"><dateData type="System.UInt64">633129667901093750</dateData></endTime><spoolMessage type="System.Boolean">True</spoolMessage></UnitTestResult></Tests>